"*aa"	63
"*aachen"	7
"*aan"	9
"*aba"	6
"*abate"	87
"*abated"	92
"*abbas"	8
"*abbreviated"	72
"*abbreviation"	55
"*abbreviations"	97
"*abc"	69
"*abdication"	93
"*abdominal"	693
"*abduction"	58
"*abhor"	60
"*abhorred"	59
"*abilities"	844
"*ability"	9370
"*abnormal"	580
"*abnormally"	73
"*abodes"	56
"*abolishing"	94
"*abolition"	922
"*abomination"	79
"*abortions"	62
"*abounding"	61
"*abounds"	64
"*about"	87577
"*abraham"	555
"*absence"	5908
"*absorbs"	75
"*abstracts"	66
"*absurd"	887
"*absurdities"	83
"*abu"	89
"*abundant"	956
"*accentuated"	98
"*accept"	6399
"*acceptability"	67
"*accepting"	644
"*accessible"	827
"*accession"	670
"*accidents"	629
"*acclaimed"	57
"*acclamations"	81
"*accommodate"	651
"*accommodating"	78
"*accommodation"	569
"*accompany"	937
"*accordingly"	688
"*accountant"	68
"*accounting"	760
"*accumulated"	683
"*accurately"	852
"*ached"	80
"*achievements"	736
"*achieving"	831
"*aching"	95
"*acquiesced"	99
"*acquittal"	84
"*acres"	912
"*across"	9354
"*activate"	88
"*activation"	687
"*active"	6059
"*actively"	720
"*activists"	86
"*activities"	5825
"*activity"	6996
"*actor"	717
"*actors"	830
"*actual"	5651
"*ad"	926
"*adam"	729
"*adapt"	921
"*adaptation"	801
"*added"	6658
"*addition"	6199
"*addresses"	613
"*adds"	590
"*adequately"	738
"*adhere"	614
"*adjacent"	969
"*adjust"	930
"*adjusted"	987
"*adjutant"	71
"*administration"	5998
"*admirable"	639
"*admire"	682
"*admired"	626
"*admittance"	90
"*admonished"	77
"*ado"	91
"*advancement"	781
"*advancing"	610
"*advantage"	7425
"*advantageously"	74
"*advent"	771
"*adventures"	583
"*advert"	65
"*advisable"	876
"*advise"	821
"*advocate"	742
"*affairs"	5585
"*affecting"	976
"*affectionately"	82
"*affections"	862
"*affects"	697
"*affinity"	579
"*aggregate"	856
"*aggression"	557
"*agreement"	6180
"*agreements"	685
"*aid"	5808
"*aids"	657
"*ain"	70
"*alarm"	952
"*alexander"	800
"*alight"	85
"*allegiance"	793
"*allocation"	638
"*allow"	7838
"*allowed"	9605
"*alone"	7403
"*also"	61972
"*alteration"	855
"*alterations"	589
"*alternatives"	585
"*although"	7026
"*aluminium"	76
"*ambassador"	817
"*ambitious"	586
"*amending"	96
"*america"	7663
"*amid"	582
"*amounted"	561
"*amplitude"	661
"*analogous"	813
"*analogy"	927
"*analyses"	595
"*analyze"	678
"*analyzed"	654
"*ancient"	6070
"*angel"	808
"*angeles"	741
"*angels"	753
"*answer"	9189
"*anticipated"	740
"*antiquity"	667
"*apostles"	625
"*appealed"	748
"*appearance"	6568
"*appeared"	7474
"*appears"	8187
"*application"	7402
"*applied"	8963
"*appoint"	861
"*appreciated"	796
"*apprehension"	767
"*approach"	8267
"*approve"	721
"*approximate"	611
"*approximation"	686
"*april"	838
"*arc"	596
"*arch"	689
"*archbishop"	618
"*areas"	7639
"*arisen"	849
"*arms"	6958
"*aroused"	565
"*arrange"	981
"*arriving"	637
"*art"	9622
"*arterial"	601
"*arteries"	604
"*artillery"	715
"*artistic"	662
"*artists"	850
"*ascertained"	700
"*ashes"	597
"*ask"	9626
"*asks"	709
"*asleep"	963
"*aspects"	5953
"*assault"	773
"*assent"	746
"*asserted"	888
"*assessed"	663
"*asset"	547
"*assign"	650
"*associate"	973
"*associated"	9208
"*associations"	807
"*assumes"	668
"*assuming"	991
"*astonished"	755
"*astonishment"	559
"*ate"	658
"*atom"	949
"*attach"	728
"*attack"	5731
"*attainment"	799
"*attendance"	795
"*attending"	870
"*attraction"	818
"*august"	915
"*australian"	570
"*austria"	664
"*author"	7460
"*autonomy"	679
"*autumn"	722
"*avenue"	553
"*average"	6676
"*awakened"	630
"*awarded"	632
"*aware"	6629
"*awe"	566
"*backward"	694
"*bacteria"	836
"*bad"	5756
"*balanced"	758
"*bands"	568
"*bank"	6398
"*barely"	745
"*barrier"	892
"*basic"	6019
"*basin"	673
"*bath"	829
"*battery"	665
"*battles"	684
"*be"	646365
"*bear"	5892
"*beast"	624
"*beasts"	636
"*beaten"	802
"*beating"	681
"*bed"	6030
"*bedroom"	696
"*beds"	712
"*beg"	929
"*begged"	646
"*begin"	6073
"*behave"	916
"*behavior"	5650
"*beheld"	591
"*behind"	7836
"*behold"	659
"*belief"	5837
"*believed"	6110
"*believing"	908
"*bell"	984
"*beloved"	769
"*below"	5600
"*belt"	739
"*bench"	869
"*bend"	752
"*berlin"	710
"*besides"	762
"*bestowed"	820
"*between"	77190
"*beyond"	9148
"*bias"	606
"*bid"	798
"*biggest"	623
"*bills"	960
"*bind"	843
"*bits"	556
"*black"	8580
"*blacks"	775
"*blank"	642
"*bleeding"	560
"*bloody"	619
"*blown"	660
"*blows"	594
"*board"	7892
"*boats"	944
"*bodily"	691
"*books"	7496
"*born"	5683
"*borrow"	640
"*borrowed"	749
"*bosom"	872
"*bound"	6063
"*breadth"	695
"*breakfast"	918
"*brethren"	732
"*brick"	575
"*bride"	770
"*brush"	592
"*building"	7502
"*built"	6522
"*bundle"	548
"*burn"	833
"*burnt"	634
"*bus"	635
"*bush"	627
"*button"	707
"*cabin"	763
"*calculate"	962
"*cambridge"	724
"*canadian"	986
"*capable"	6053
"*capacity"	5564
"*capital"	8092
"*capitalist"	941
"*cardiac"	933
"*cardinal"	577
"*cares"	615
"*cargo"	617
"*carries"	951
"*carry"	8639
"*cat"	711
"*cathedral"	733
"*causal"	616
"*caused"	6841
"*causing"	791
"*cavalry"	759
"*cell"	5701
"*cells"	7484
"*census"	562
"*center"	5562
"*ceremonies"	576
"*certainly"	6064
"*cervical"	587
"*challenges"	653
"*chance"	7227
"*chancellor"	649
"*chapel"	966
"*chapter"	8055
"*charge"	7532
"*cheap"	690
"*checked"	865
"*cheek"	628
"*cheerful"	563
"*chemistry"	708
"*chief"	8099
"*chiefs"	964
"*chloride"	631
"*choice"	6342
"*choices"	751
"*choosing"	672
"*christ"	6341
"*christian"	6320
"*christmas"	706
"*circular"	766
"*circumstances"	6963
"*civil"	7426
"*civilized"	834
"*claim"	6601
"*clearly"	6700
"*closest"	676
"*clothing"	718
"*clue"	669
"*coalition"	554
"*coastal"	572
"*collapse"	924
"*college"	5481
"*colonel"	995
"*columbia"	744
"*combat"	674
"*comes"	7513
"*coming"	8642
"*command"	5484
"*commencement"	845
"*comments"	979
"*commission"	5617
"*committee"	8209
"*commodities"	882
"*commonwealth"	994
"*communicated"	947
"*communications"	857
"*compatible"	705
"*compel"	778
"*competitive"	907
"*complain"	828
"*complete"	9815
"*comply"	958
"*compounds"	992
"*comprehend"	826
"*conceal"	885
"*concentrations"	982
"*concept"	5682
"*conceptions"	726
"*conceptual"	552
"*concerned"	7672
"*conduct"	6423
"*conducting"	584
"*confession"	713
"*conflicts"	822
"*conformity"	874
"*confronted"	894
"*congress"	6471
"*connect"	812
"*connected"	5933
"*connection"	7146
"*connections"	823
"*connexion"	764
"*conservation"	780
"*considerable"	8227
"*consideration"	5949
"*considers"	842
"*conspicuous"	858
"*constant"	5797
"*constituent"	789
"*constitution"	6233
"*consult"	900
"*contact"	5754
"*continental"	714
"*continue"	7619
"*continued"	7671
"*contraction"	725
"*controls"	719
"*convenience"	806
"*conventional"	877
"*corporate"	909
"*corporations"	666
"*corrected"	612
"*correlated"	608
"*cost"	9998
"*could"	92768
"*council"	8252
"*counties"	783
"*cousin"	578
"*covenant"	989
"*covered"	5960
"*covering"	902
"*covers"	731
"*creator"	765
"*cried"	788
"*cries"	564
"*critic"	647
"*crossing"	840
"*cruelty"	588
"*crystal"	805
"*culture"	5929
"*current"	8485
"*currently"	934
"*custody"	698
"*customary"	911
"*cut"	8100
"*damages"	957
"*dancing"	567
"*danger"	5924
"*dared"	910
"*dead"	6270
"*deals"	965
"*deaths"	835
"*debts"	886
"*december"	730
"*decided"	7185
"*deciding"	867
"*decision"	7805
"*declined"	754
"*deeds"	945
"*deep"	6884
"*deficiency"	997
"*definitions"	598
"*del"	581
"*delayed"	737
"*demand"	6737
"*department"	7178
"*deposit"	854
"*described"	9184
"*describing"	931
"*description"	5533
"*descriptions"	891
"*deserve"	839
"*design"	5681
"*despair"	913
"*destiny"	841
"*detect"	974
"*determine"	7808
"*develop"	5724
"*developed"	8005
"*diagram"	975
"*didn"	734
"*differences"	7579
"*differs"	847
"*difficulty"	6735
"*direct"	9559
"*direction"	9751
"*directly"	6924
"*disadvantage"	785
"*disappear"	599
"*disappeared"	914
"*disappointment"	602
"*disciples"	977
"*discoveries"	723
"*discretion"	993
"*discussing"	871
"*discussion"	7842
"*disease"	8132
"*dislike"	558
"*dismissed"	846
"*displacement"	671
"*dispose"	853
"*dissolution"	797
"*distance"	8611
"*distribution"	7121
"*disturb"	609
"*diverse"	868
"*divorce"	790
"*do"	79769
"*doctors"	704
"*dominated"	999
"*domination"	593
"*door"	9590
"*doubt"	8384
"*drag"	652
"*drank"	574
"*drawn"	7505
"*drops"	784
"*drunk"	716
"*duty"	8416
"*earned"	878
"*earth"	9857
"*easily"	7696
"*east"	8373
"*easy"	7636
"*economies"	692
"*effective"	7048
"*efficacy"	968
"*effort"	7899
"*efforts"	6193
"*elements"	6716
"*eligible"	655
"*eliminate"	832
"*else"	7464
"*emergency"	942
"*employed"	6604
"*enclosed"	643
"*endure"	939
"*enemy"	6365
"*energy"	9853
"*engagement"	804
"*engineers"	550
"*enter"	6139
"*entertain"	787
"*entire"	7242
"*entirely"	6606
"*especially"	6145
"*essential"	7215
"*established"	8776
"*esteem"	928
"*europe"	6923
"*european"	5470
"*events"	7082
"*everything"	7182
"*evolved"	680
"*example"	8829
"*except"	5893
"*exercise"	6005
"*exerted"	895
"*exhibited"	825
"*existence"	9410
"*expect"	5634
"*expedient"	776
"*expert"	946
"*experts"	648
"*explain"	6219
"*explaining"	884
"*exports"	990
"*expressed"	6777
"*extends"	897
"*eye"	7232
"*facilitate"	988
"*facility"	677
"*factor"	5978
"*factors"	7907
"*factory"	967
"*facts"	6427
"*failure"	6171
"*faith"	7712
"*fall"	9340
"*favorite"	794
"*fear"	7449
"*feast"	837
"*federal"	6434
"*feeling"	8662
"*feet"	8755
"*fell"	5495
"*fewer"	779
"*fibers"	757
"*figure"	6937
"*filled"	5581
"*final"	6664
"*fine"	5571
"*fire"	8086
"*first"	73852
"*fixed"	5535
"*flow"	6209
"*flung"	633
"*flying"	935
"*follow"	7445
"*followed"	8749
"*food"	8534
"*fool"	970
"*forbidden"	932
"*forced"	6527
"*forces"	8236
"*forests"	881
"*forgive"	774
"*formed"	7775
"*former"	7352
"*forth"	6813
"*forward"	6712
"*fragments"	936
"*france"	7013
"*frank"	621
"*fraud"	551
"*freedom"	7189
"*friend"	8149
"*friends"	9383
"*fulfilled"	743
"*fully"	6100
"*furniture"	761
"*gases"	768
"*generally"	7597
"*german"	6160
"*getting"	6273
"*ghost"	809
"*girl"	5734
"*gives"	6659
"*giving"	6330
"*glanced"	656
"*gone"	8390
"*goods"	6297
"*governing"	953
"*great"	65570
"*greatest"	8688
"*groups"	8450
"*grows"	948
"*guards"	603
"*guest"	810
"*handled"	873
"*happened"	5975
"*happy"	5753
"*hardly"	5876
"*hate"	980
"*hear"	9303
"*heat"	5986
"*heir"	777
"*hemisphere"	620
"*hereafter"	772
"*herself"	7028
"*highest"	6352
"*hire"	549
"*hour"	7192
"*hours"	7612
"*hurried"	756
"*husband"	6480
"*ideas"	7710
"*image"	5537
"*immediately"	5972
"*imperative"	573
"*imports"	898
"*impossible"	7354
"*imprisonment"	607
"*income"	6801
"*increased"	8142
"*india"	6108
"*indian"	5793
"*indispensable"	890
"*individuals"	6305
"*industry"	6338
"*inspection"	866
"*instinct"	851
"*intended"	6827
"*interested"	5938
"*interesting"	5994
"*interests"	7465
"*international"	9484
"*involved"	9128
"*involving"	938
"*is"	756523
"*issue"	8476
"*january"	747
"*job"	6266
"*junction"	903
"*justice"	6634
"*keen"	985
"*kinds"	6191
"*lack"	8058
"*laid"	7275
"*landscape"	848
"*larger"	7197
"*lasted"	901
"*late"	8232
"*latter"	9805
"*lawful"	940
"*laws"	8901
"*lay"	8372
"*lead"	9778
"*learn"	8766
"*learned"	7204
"*learning"	5820
"*lectures"	972
"*length"	9049
"*letters"	5926
"*levels"	5859
"*liberation"	950
"*limited"	7292
"*lined"	645
"*lines"	7281
"*list"	6536
"*literature"	6084
"*lived"	7457
"*lives"	7566
"*local"	9929
"*london"	5830
"*looking"	7596
"*lot"	7467
"*lots"	703
"*low"	9872
"*mad"	893
"*made"	83266
"*maintain"	6169
"*majority"	7251
"*make"	62161
"*makes"	8936
"*man"	67262
"*management"	5603
"*manifestation"	961
"*many"	60174
"*market"	8257
"*mass"	6788
"*master"	5959
"*matters"	5743
"*mayor"	906
"*me"	88549
"*mean"	9566
"*meaning"	8409
"*measure"	8272
"*mechanics"	571
"*meeting"	7555
"*member"	8826
"*merely"	6900
"*met"	7910
"*methods"	7442
"*middle"	9510
"*miles"	6619
"*military"	8359
"*minister"	5697
"*miserable"	923
"*missed"	786
"*missing"	735
"*modern"	8137
"*modest"	727
"*monarch"	702
"*moral"	7622
"*morning"	8507
"*most"	87477
"*mount"	998
"*move"	8050
"*moved"	6238
"*movement"	9299
"*much"	73710
"*multiplied"	600
"*must"	63358
"*my"	98202
"*naked"	824
"*names"	5710
"*napoleon"	605
"*nations"	6372
"*nearly"	7850
"*necessity"	5671
"*needed"	8156
"*needs"	8941
"*negroes"	919
"*neighborhood"	996
"*neither"	6803
"*new"	67896
"*none"	6268
"*nor"	9703
"*normal"	7095
"*note"	6609
"*notice"	5488
"*numbers"	6081
"*objects"	5494
"*observed"	6829
"*obtain"	6335
"*occasion"	5652
"*occur"	6071
"*october"	883
"*ohio"	816
"*opinion"	9985
"*organization"	7480
"*original"	7960
"*ought"	8547
"*our"	76627
"*outside"	7080
"*over"	60713
"*own"	55462
"*paint"	811
"*paper"	7749
"*parents"	6248
"*part"	56943
"*particularly"	6039
"*parties"	6382
"*pass"	8148
"*passage"	6037
"*passive"	815
"*patent"	959
"*payable"	699
"*peace"	9066
"*pennsylvania"	814
"*people"	61841
"*per"	9332
"*performing"	792
"*perhaps"	9255
"*perpetual"	859
"*personal"	9029
"*philadelphia"	803
"*photograph"	675
"*physical"	8543
"*picture"	6847
"*piece"	6859
"*plan"	8406
"*play"	9967
"*pleasing"	819
"*points"	8509
"*poor"	9461
"*portion"	8044
"*positive"	5520
"*possibility"	7096
"*potential"	5741
"*powers"	7303
"*preceded"	905
"*preface"	889
"*pregnancy"	925
"*prepared"	7456
"*presented"	7792
"*president"	9121
"*pressing"	880
"*pressure"	9748
"*prevent"	7211
"*price"	8503
"*primary"	5865
"*principal"	6032
"*principle"	8917
"*principles"	8783
"*private"	8786
"*produce"	7807
"*produced"	8280
"*product"	6044
"*program"	6300
"*proper"	8620
"*proportion"	6706
"*provided"	9120
"*providence"	863
"*provincial"	971
"*published"	7057
"*raised"	6446
"*range"	9570
"*reach"	6304
"*reached"	8215
"*reader"	5509
"*ready"	9451
"*reasons"	6029
"*receive"	6787
"*recent"	6462
"*red"	6072
"*regarded"	7424
"*regardless"	864
"*region"	6805
"*regression"	622
"*related"	8235
"*relations"	8865
"*relative"	6317
"*religion"	7141
"*religious"	7831
"*remain"	7191
"*remember"	5779
"*removed"	5576
"*reported"	5474
"*resources"	6250
"*response"	7368
"*responsibility"	5890
"*responsible"	6890
"*retire"	875
"*returned"	6608
"*rise"	9402
"*risk"	7118
"*river"	8705
"*road"	7221
"*round"	7224
"*rule"	8160
"*rules"	6303
"*run"	8369
"*same"	68039
"*sat"	5722
"*schools"	6043
"*science"	7994
"*sea"	8717
"*section"	8069
"*serious"	7052
"*serve"	7094
"*services"	7708
"*share"	8040
"*she"	99178
"*shores"	860
"*shorter"	983
"*should"	88167
"*sight"	5815
"*simple"	7868
"*simply"	6722
"*six"	9192
"*size"	9317
"*solution"	8505
"*sometimes"	6922
"*son"	8847
"*soul"	7172
"*sound"	7149
"*source"	9913
"*space"	7900
"*spaces"	641
"*speak"	9562
"*species"	6232
"*specific"	7930
"*spent"	6236
"*stage"	7764
"*stake"	904
"*stand"	8341
"*standard"	6279
"*standpoint"	750
"*statement"	6361
"*stay"	6051
"*steep"	896
"*step"	7140
"*stood"	7313
"*strength"	8830
"*stretch"	917
"*structure"	9870
"*struggle"	5630
"*students"	8551
"*studies"	8587
"*subjective"	701
"*subjects"	5612
"*substantially"	782
"*success"	7874
"*such"	92102
"*sufficient"	9242
"*sun"	6873
"*supply"	7220
"*supposed"	6461
"*surgery"	955
"*table"	9007
"*takes"	6715
"*taking"	9845
"*talk"	8087
"*task"	6783
"*temperature"	7092
"*ten"	9093
"*term"	6950
"*test"	6811
"*that"	848764
"*these"	86286
"*thinking"	6137
"*those"	76299
"*thousand"	8724
"*till"	7760
"*top"	7849
"*towards"	8379
"*treated"	6151
"*tried"	8722
"*try"	9836
"*trying"	8441
"*twenty"	6163
"*two"	81123
"*types"	7458
"*understood"	6192
"*unemployment"	954
"*union"	9199
"*university"	8665
"*upon"	66394
"*upper"	6657
"*us"	64389
"*using"	6660
"*usually"	9588
"*very"	76563
"*visit"	5871
"*voice"	7724
"*volume"	7205
"*wall"	6118
"*wanted"	9969
"*way"	62729
"*well"	55051
"*west"	9364
"*wide"	6898
"*wife"	9817
"*willing"	6161
"*wish"	9641
"*work"	55032
"*worked"	5698
"*works"	8922
"*write"	8211
"*writing"	6580
"*wrought"	943
"*york"	8827
"abbreviated"	{"appears": 1}
"ability"	{"adapt": 1}
"about"	{"chapter": 1, "new": 1, "she": 1}
"activities"	{"these": 1}
"adapt"	{"ability": 1}
"added"	{"could": 1, "is": 1, "man": 1}
"adventures"	{"many": 1, "much": 1}
"agreement"	{"between": 2}
"allow"	{"me": 1}
"alone"	{"is": 2, "that": 1}
"also"	{"be": 3, "made": 2, "thinking": 1, "is": 1, "should": 1, "such": 1, "could": 1, "must": 1}
"alteration"	{"be": 1}
"although"	{"be": 1, "none": 1, "these": 1, "is": 1, "issue": 1, "must": 1}
"analogy"	{"us": 1, "that": 1}
"answer"	{"comes": 1}
"anticipated"	{"could": 1}
"appeared"	{"new": 1}
"appears"	{"abbreviated": 1, "is": 1, "that": 1}
"application"	{"be": 1, "made": 1, "same": 1}
"approach"	{"be": 2, "new": 1, "should": 1}
"art"	{"work": 1, "that": 1}
"ask"	{"is": 1}
"assuming"	{"that": 1}
"bad"	{"that": 1}
"be"	{"is": 1, "related": 1, "clearly": 1, "physical": 1, "also": 3, "interesting": 1, "latter": 1, "expressed": 1, "should": 13, "application": 1, "statement": 1, "test": 1, "new": 2, "must": 1, "approach": 2, "resources": 1, "that": 2, "possibility": 1, "clue": 1, "plan": 1, "although": 1, "worked": 1, "man": 2, "me": 1, "made": 2, "hour": 1, "could": 1, "alteration": 1, "rule": 1, "try": 1, "she": 3, "my": 1, "essential": 1, "first": 1}
"belief"	{"necessity": 1}
"below"	{"lines": 1}
"besides"	{"these": 1, "is": 1}
"between"	{"developed": 1, "is": 1, "effort": 1, "agreement": 2, "relations": 1}
"beyond"	{"distance": 1, "is": 1}
"black"	{"is": 1, "books": 1}
"books"	{"black": 1}
"born"	{"these": 1, "is": 1}
"breakfast"	{"hurried": 1, "morning": 1}
"building"	{"section": 1}
"cares"	{"reader": 1}
"cell"	{"is": 1}
"cells"	{"red": 1}
"certainly"	{"is": 1}
"chapter"	{"new": 1, "about": 1}
"cheerful"	{"lay": 1}
"clearly"	{"me": 1, "be": 1}
"clue"	{"be": 1}
"college"	{"students": 1}
"comes"	{"answer": 1, "example": 1}
"conceptual"	{"diagram": 1}
"considerable"	{"first": 1}
"conspicuous"	{"part": 1}
"constant"	{"most": 1, "is": 1}
"constitution"	{"is": 1}
"continued"	{"subjects": 1}
"contraction"	{"same": 1}
"corporations"	{"using": 1, "part": 1}
"cost"	{"is": 1, "that": 1}
"could"	{"poor": 1, "be": 1, "added": 1, "supply": 1, "make": 1, "that": 1, "anticipated": 1, "also": 1, "she": 5, "such": 1}
"covenant"	{"is": 1}
"deals"	{"paper": 1}
"decided"	{"that": 2}
"demand"	{"that": 1}
"descriptions"	{"these": 1}
"design"	{"great": 1}
"developed"	{"between": 1}
"diagram"	{"conceptual": 1}
"direction"	{"is": 1}
"distance"	{"beyond": 1}
"do"	{"me": 1, "students": 1, "many": 1, "well": 1, "doctors": 1, "must": 1}
"doctors"	{"do": 1}
"door"	{"stood": 1}
"doubt"	{"is": 1}
"drawn"	{"faith": 1}
"effort"	{"made": 1, "between": 1}
"else"	{"is": 2, "much": 1}
"enter"	{"should": 1, "must": 1}
"entirely"	{"personal": 1}
"especially"	{"wish": 1}
"essential"	{"be": 1, "is": 1, "that": 1}
"events"	{"these": 1}
"example"	{"specific": 1, "is": 2, "comes": 1}
"expect"	{"should": 1}
"expressed"	{"member": 1, "be": 1}
"facts"	{"these": 1}
"faith"	{"drawn": 1}
"feet"	{"six": 1}
"fell"	{"that": 1, "man": 1}
"fine"	{"me": 1, "is": 1}
"first"	{"me": 1, "be": 1, "that": 1, "soul": 1, "should": 1, "considerable": 1, "man": 1}
"follow"	{"mean": 1}
"followed"	{"work": 1}
"forces"	{"great": 1}
"formed"	{"very": 1, "is": 1}
"freedom"	{"union": 1}
"friend"	{"our": 1}
"generally"	{"reader": 1}
"girl"	{"is": 1}
"giving"	{"notice": 1}
"great"	{"forces": 1, "that": 1, "positive": 1, "is": 1, "design": 1, "way": 1}
"happened"	{"that": 3}
"happy"	{"very": 1, "is": 1, "she": 1}
"hardly"	{"is": 1}
"hear"	{"that": 1}
"hour"	{"be": 1, "nearly": 1}
"hours"	{"two": 1}
"hurried"	{"breakfast": 1}
"ideas"	{"these": 2, "is": 1, "man": 1}
"image"	{"is": 1}
"increased"	{"these": 1}
"intended"	{"is": 1}
"interesting"	{"be": 1, "is": 1}
"is"	{"own": 1, "constant": 1, "besides": 1, "image": 1, "lack": 1, "related": 1, "born": 1, "cost": 1, "reached": 2, "girl": 1, "beyond": 1, "fine": 1, "certainly": 1, "constitution": 1, "formed": 1, "interesting": 1, "latter": 1, "normal": 1, "ideas": 1, "same": 1, "response": 1, "cell": 1, "also": 1, "much": 1, "black": 1, "reader": 1, "neither": 1, "hardly": 1, "happy": 1, "covenant": 1, "be": 1, "direction": 1, "added": 1, "intended": 1, "that": 19, "very": 2, "doubt": 1, "between": 1, "term": 1, "else": 2, "most": 3, "although": 1, "alone": 2, "such": 3, "wanted": 1, "appears": 1, "nor": 1, "man": 1, "me": 1, "great": 1, "made": 1, "understood": 1, "these": 2, "issue": 2, "sometimes": 1, "ask": 1, "solution": 1, "example": 2, "work": 1, "she": 1, "usually": 2, "pressure": 1, "piece": 1, "my": 4, "essential": 1}
"issue"	{"is": 2, "although": 1, "that": 1}
"job"	{"new": 1, "part": 1, "my": 1}
"lack"	{"is": 1}
"latter"	{"be": 1, "is": 1, "part": 1}
"lay"	{"cheerful": 1}
"length"	{"stay": 1}
"lines"	{"below": 1}
"list"	{"numbers": 1}
"literature"	{"published": 1}
"made"	{"be": 2, "application": 1, "is": 1, "that": 1, "also": 2, "she": 1, "effort": 1}
"make"	{"could": 1, "peace": 1, "us": 1}
"makes"	{"many": 1}
"man"	{"be": 2, "added": 1, "that": 2, "many": 1, "is": 1, "ideas": 1, "fell": 1, "such": 1, "first": 1}
"many"	{"do": 1, "people": 1, "students": 1, "well": 1, "adventures": 1, "these": 1, "much": 2, "such": 1, "makes": 1, "man": 1}
"me"	{"be": 1, "do": 1, "is": 1, "allow": 1, "fine": 1, "clearly": 1, "first": 1}
"mean"	{"follow": 1}
"measure"	{"new": 1, "much": 1}
"member"	{"well": 1, "expressed": 1}
"merely"	{"those": 1}
"methods"	{"these": 1}
"modern"	{"students": 1}
"moral"	{"over": 1}
"morning"	{"breakfast": 1}
"most"	{"constant": 1, "people": 1, "these": 1, "is": 3, "two": 1, "those": 1}
"much"	{"that": 1, "very": 1, "many": 2, "is": 1, "adventures": 1, "else": 1, "measure": 1}
"must"	{"do": 1, "needs": 1, "also": 1, "these": 1, "till": 1, "although": 1, "enter": 1, "be": 1}
"my"	{"be": 1, "own": 1, "that": 1, "is": 4, "sometimes": 1, "note": 1, "job": 1, "part": 1}
"names"	{"thousand": 1}
"nations"	{"such": 1}
"nearly"	{"two": 1, "hour": 1}
"necessity"	{"belief": 1}
"needs"	{"must": 1}
"neither"	{"is": 1, "nor": 2}
"new"	{"chapter": 1, "be": 2, "about": 1, "appeared": 1, "job": 1, "measure": 1, "approach": 1}
"none"	{"these": 3, "points": 1, "us": 1, "although": 1}
"nor"	{"is": 1, "neither": 2}
"normal"	{"is": 1}
"note"	{"my": 1}
"notice"	{"giving": 1}
"numbers"	{"list": 1}
"our"	{"part": 1, "own": 2, "friend": 1, "stage": 1}
"over"	{"moral": 1}
"own"	{"our": 2, "is": 1, "my": 1}
"paper"	{"deals": 1, "proper": 1, "published": 1}
"part"	{"that": 1, "latter": 1, "corporations": 1, "job": 1, "using": 1, "our": 1, "my": 1, "conspicuous": 1}
"peace"	{"make": 1}
"people"	{"many": 1, "most": 1}
"perhaps"	{"she": 1}
"personal"	{"entirely": 1}
"physical"	{"be": 1}
"piece"	{"is": 1}
"plan"	{"be": 1, "worked": 1, "that": 1, "should": 1}
"points"	{"these": 1, "none": 1, "two": 1, "those": 1}
"poor"	{"could": 1}
"portion"	{"these": 2, "such": 1}
"positive"	{"great": 1}
"possibility"	{"be": 1, "should": 1}
"potential"	{"source": 1}
"pressure"	{"is": 1}
"primary"	{"that": 1}
"principles"	{"these": 1}
"proper"	{"paper": 1}
"published"	{"paper": 1, "literature": 1}
"reached"	{"is": 2}
"reader"	{"is": 1, "generally": 1, "cares": 1}
"receive"	{"should": 1}
"recent"	{"us": 1}
"red"	{"cells": 1}
"related"	{"be": 1, "is": 1}
"relations"	{"between": 1}
"resources"	{"be": 1}
"response"	{"is": 1}
"responsibility"	{"upon": 1}
"rule"	{"these": 1, "be": 1}
"same"	{"application": 1, "is": 1, "contraction": 1}
"section"	{"building": 1, "very": 1}
"she"	{"be": 3, "about": 1, "made": 1, "that": 1, "perhaps": 1, "could": 5, "should": 1, "write": 1, "these": 1, "supposed": 2, "very": 1, "is": 1, "happy": 1}
"should"	{"be": 13, "receive": 1, "studies": 1, "possibility": 1, "expect": 1, "also": 1, "she": 1, "statement": 1, "enter": 1, "worked": 1, "first": 1, "approach": 1, "plan": 1}
"simple"	{"taking": 1, "way": 1, "that": 1}
"six"	{"feet": 1}
"solution"	{"is": 1, "wanted": 1}
"sometimes"	{"is": 1, "my": 1}
"soul"	{"first": 1}
"source"	{"potential": 1}
"specific"	{"example": 1}
"stage"	{"our": 1}
"statement"	{"be": 1, "should": 1}
"stay"	{"length": 1}
"stood"	{"door": 1, "wife": 1}
"students"	{"many": 1, "modern": 1, "college": 1, "do": 1}
"studies"	{"these": 1, "should": 1}
"subjects"	{"continued": 1}
"such"	{"many": 1, "could": 1, "well": 1, "nations": 1, "also": 1, "portion": 1, "is": 3, "man": 1}
"supply"	{"could": 1}
"supposed"	{"she": 2}
"taking"	{"simple": 1, "way": 1}
"talk"	{"upon": 1}
"term"	{"understood": 1, "is": 1}
"test"	{"be": 1, "that": 1}
"that"	{"art": 1, "simple": 1, "is": 19, "primary": 1, "cost": 1, "much": 1, "analogy": 1, "assuming": 1, "test": 1, "issue": 1, "happened": 3, "be": 2, "very": 1, "part": 1, "hear": 1, "plan": 1, "demand": 1, "alone": 1, "appears": 1, "man": 2, "great": 1, "made": 1, "could": 1, "work": 1, "us": 1, "bad": 1, "decided": 2, "she": 1, "my": 1, "essential": 1, "fell": 1, "first": 1}
"these"	{"descriptions": 1, "activities": 1, "none": 3, "methods": 1, "most": 1, "many": 1, "is": 2, "ideas": 2, "rule": 1, "principles": 1, "although": 1, "born": 1, "portion": 2, "points": 1, "she": 1, "besides": 1, "facts": 1, "must": 1, "studies": 1, "events": 1, "increased": 1}
"thinking"	{"also": 1}
"those"	{"most": 1, "merely": 1, "points": 1}
"thousand"	{"names": 1}
"till"	{"must": 1}
"try"	{"be": 1, "wanted": 1}
"two"	{"hours": 1, "most": 1, "points": 1, "work": 1, "nearly": 1}
"understood"	{"term": 1, "is": 1}
"union"	{"freedom": 1}
"upon"	{"responsibility": 1, "talk": 1}
"us"	{"make": 1, "recent": 1, "none": 1, "analogy": 1, "that": 1}
"using"	{"corporations": 1, "part": 1}
"usually"	{"is": 2}
"very"	{"that": 1, "section": 1, "formed": 1, "much": 1, "she": 1, "is": 2, "happy": 1}
"wanted"	{"try": 1, "is": 1, "solution": 1}
"way"	{"simple": 1, "great": 1, "taking": 1}
"well"	{"member": 1, "do": 1, "such": 1, "many": 1}
"wife"	{"stood": 1}
"wish"	{"especially": 1}
"work"	{"followed": 1, "is": 1, "art": 1, "two": 1, "that": 1}
"worked"	{"be": 1, "plan": 1, "should": 1}
"write"	{"she": 1}
