["abdication", "accentuated"]	1.0
["aching", "admittance"]	1.0
["aching", "admonished"]	1.0
["admittance", "admonished"]	1.0
["be", "that"]	0.7340686274509803
["is", "that"]	0.7305389221556886
["be", "is"]	0.725925925925926
["asserted", "checked"]	0.6666666666666666
["checked", "hate"]	0.6666666666666666
["beaten", "bestowed"]	0.6
["checked", "heir"]	0.6
["abnormal", "checked"]	0.5714285714285714
["actively", "checked"]	0.5714285714285714
["deserve", "hate"]	0.5555555555555556
["admired", "assuming"]	0.5454545454545454
["abdication", "abduction"]	0.5
["abdication", "abomination"]	0.5
["abdication", "advocate"]	0.5
["abdication", "amplitude"]	0.5
["abduction", "accentuated"]	0.5
["abomination", "accentuated"]	0.5
["accentuated", "advocate"]	0.5
["accentuated", "amplitude"]	0.5
["accessible", "debts"]	0.5
["accessible", "paint"]	0.5
["accession", "avenue"]	0.5
["aching", "dismissed"]	0.5
["aching", "preface"]	0.5
["adhere", "checked"]	0.5
["admittance", "dismissed"]	0.5
["admittance", "preface"]	0.5
["admonished", "dismissed"]	0.5
["admonished", "preface"]	0.5
["advantageously", "apostles"]	0.5
["asserted", "clue"]	0.5
["asserted", "debts"]	0.5
["asserted", "hate"]	0.5
["blown", "mount"]	0.5
["boats", "discoveries"]	0.5
["cheek", "evolved"]	0.5
["commonwealth", "providence"]	0.5
["debts", "paint"]	0.5
["be", "such"]	0.47572815533980584
["such", "that"]	0.47152317880794703
["be", "should"]	0.46839080459770116
["is", "such"]	0.46648793565683644
["adjusted", "ascertained"]	0.46153846153846156
["alternatives", "clue"]	0.46153846153846156
["actively", "barrier"]	0.45454545454545453
["barrier", "instinct"]	0.45454545454545453
["beaten", "definitions"]	0.45454545454545453
["biggest", "mad"]	0.45454545454545453
["abnormal", "asserted"]	0.4444444444444444
["abnormal", "hate"]	0.4444444444444444
["accessible", "arc"]	0.4444444444444444
["actively", "asserted"]	0.4444444444444444
["actively", "hate"]	0.4444444444444444
["ambitious", "hate"]	0.4444444444444444
["asserted", "bride"]	0.4444444444444444
["asset", "bestowed"]	0.4444444444444444
["barrier", "checked"]	0.4444444444444444
["beast", "earned"]	0.4444444444444444
["bestowed", "dancing"]	0.4444444444444444
["bestowed", "paint"]	0.4444444444444444
["bride", "debts"]	0.4444444444444444
["checked", "clue"]	0.4444444444444444
["checked", "mad"]	0.4444444444444444
["dominated", "hate"]	0.4444444444444444
["about", "be"]	0.43909348441926344
["should", "that"]	0.4387617765814266
["must", "should"]	0.43735763097949887
["be", "our"]	0.43557422969187676
["is", "our"]	0.43342391304347827
["about", "such"]	0.43259557344064387
["me", "my"]	0.43123543123543123
["could", "should"]	0.43080357142857145
["is", "should"]	0.42934782608695654
["me", "she"]	0.42933333333333334
["accessible", "checked"]	0.42857142857142855
["accessible", "heir"]	0.42857142857142855
["analogy", "bestowed"]	0.42857142857142855
["antiquity", "stake"]	0.42857142857142855
["ashes", "checked"]	0.42857142857142855
["ashes", "heir"]	0.42857142857142855
["asleep", "disappear"]	0.42857142857142855
["asserted", "heir"]	0.42857142857142855
["asset", "checked"]	0.42857142857142855
["asset", "heir"]	0.42857142857142855
["checked", "dancing"]	0.42857142857142855
["checked", "debts"]	0.42857142857142855
["checked", "paint"]	0.42857142857142855
["dancing", "heir"]	0.42857142857142855
["debts", "heir"]	0.42857142857142855
["differs", "engineers"]	0.42857142857142855
["hate", "heir"]	0.42857142857142855
["heir", "paint"]	0.42857142857142855
["inspection", "payable"]	0.42857142857142855
["about", "that"]	0.4268456375838926
["be", "these"]	0.4178470254957507
["adjusted", "crystal"]	0.4166666666666667
["admired", "cried"]	0.4166666666666667
["alternatives", "definitions"]	0.4166666666666667
["alternatives", "missing"]	0.4166666666666667
["antiquity", "expedient"]	0.4166666666666667
["bride", "lined"]	0.4166666666666667
["fewer", "hate"]	0.4166666666666667
["forgive", "mad"]	0.4166666666666667
["such", "those"]	0.4164989939637827
["about", "between"]	0.41648106904231624
["our", "that"]	0.41611624834874505
["about", "very"]	0.415929203539823
["my", "that"]	0.41534391534391535
["about", "is"]	0.4135135135135135
["should", "such"]	0.41338582677165353
["be", "my"]	0.4129834254143646
["be", "those"]	0.4097902097902098
["be", "very"]	0.4090909090909091
["about", "should"]	0.40756302521008403
["most", "such"]	0.4068825910931174
["about", "my"]	0.40670859538784065
["be", "must"]	0.40373563218390807
["that", "these"]	0.4029451137884873
["such", "these"]	0.4024144869215292
["is", "my"]	0.4021304926764314
["be", "could"]	0.40198863636363635
["must", "very"]	0.40093240093240096
["those", "two"]	0.4009009009009009
["abated", "awe"]	0.4
["abnormal", "actively"]	0.4
["abnormal", "bride"]	0.4
["accessible", "admired"]	0.4
["acquittal", "congress"]	0.4
["actively", "instinct"]	0.4
["adhere", "blank"]	0.4
["adjusted", "wrought"]	0.4
["admired", "ashes"]	0.4
["admired", "debts"]	0.4
["admired", "hate"]	0.4
["admired", "paint"]	0.4
["advantageously", "checked"]	0.4
["advantageously", "custody"]	0.4
["advantageously", "heir"]	0.4
["agreements", "bend"]	0.4
["alteration", "confession"]	0.4
["ambitious", "dominated"]	0.4
["antiquity", "asset"]	0.4
["apostles", "checked"]	0.4
["apostles", "custody"]	0.4
["apostles", "heir"]	0.4
["ashes", "deserve"]	0.4
["ashes", "favorite"]	0.4
["assent", "instinct"]	0.4
["asserted", "forbidden"]	0.4
["asset", "hereafter"]	0.4
["astonished", "beast"]	0.4
["beaten", "wrought"]	0.4
["behold", "paint"]	0.4
["bestowed", "subjective"]	0.4
["blown", "checked"]	0.4
["blown", "disappear"]	0.4
["blown", "heir"]	0.4
["cargo", "checked"]	0.4
["cargo", "constituent"]	0.4
["cargo", "heir"]	0.4
["checked", "mount"]	0.4
["complain", "crystal"]	0.4
["crystal", "paint"]	0.4
["debts", "forbidden"]	0.4
["definitions", "missing"]	0.4
["disappear", "mount"]	0.4
["heir", "mount"]	0.4
["instinct", "missing"]	0.4
["these", "those"]	0.39956331877729256
["same", "two"]	0.39951573849878935
["that", "those"]	0.39920424403183025
["my", "our"]	0.3991769547325103
["be", "most"]	0.39915966386554624
["these", "very"]	0.3982102908277405
["about", "our"]	0.3962655601659751
["about", "these"]	0.3956989247311828
["me", "us"]	0.3956043956043956
["be", "between"]	0.3954802259887006
["my", "she"]	0.3953488372093023
["is", "these"]	0.395128552097429
["that", "very"]	0.3946308724832215
["these", "two"]	0.3945578231292517
["my", "very"]	0.39439655172413796
["should", "these"]	0.39361702127659576
["also", "such"]	0.39337474120082816
["is", "those"]	0.3932885906040268
["about", "those"]	0.39278131634819535
["our", "very"]	0.3927038626609442
["do", "should"]	0.3918269230769231
["also", "be"]	0.39173789173789175
["made", "make"]	0.3907103825136612
["is", "most"]	0.39054054054054055
["such", "very"]	0.3898989898989899
["she", "should"]	0.38979118329466356
["could", "that"]	0.3897849462365591
["could", "my"]	0.38961038961038963
["must", "these"]	0.3895216400911162
["most", "that"]	0.3891102257636122
["cares", "consult"]	0.3888888888888889
["is", "very"]	0.38858695652173914
["most", "very"]	0.38752783964365256
["my", "own"]	0.38717339667458434
["do", "such"]	0.3861607142857143
["could", "me"]	0.38609112709832133
["could", "must"]	0.386046511627907
["about", "me"]	0.3858447488584475
["could", "she"]	0.3857493857493858
["our", "these"]	0.38526315789473686
["between", "is"]	0.38503401360544215
["actively", "comply"]	0.38461538461538464
["ascertained", "crystal"]	0.38461538461538464
["bacteria", "debts"]	0.38461538461538464
["beast", "naked"]	0.38461538461538464
["beaten", "expedient"]	0.38461538461538464
["between", "such"]	0.38461538461538464
["clue", "mad"]	0.38461538461538464
["cried", "missed"]	0.38461538461538464
["same", "such"]	0.3836477987421384
["should", "very"]	0.38329764453961457
["about", "must"]	0.3827433628318584
["same", "those"]	0.38215102974828374
["should", "those"]	0.38204592901878914
["my", "should"]	0.3816326530612245
["be", "two"]	0.38115330520393814
["most", "our"]	0.38105263157894737
["me", "should"]	0.38063063063063063
["about", "people"]	0.3801452784503632
["our", "same"]	0.38
["most", "these"]	0.3799126637554585
["me", "must"]	0.3786407766990291
["our", "such"]	0.37858508604206503
["about", "same"]	0.3783783783783784
["between", "that"]	0.3781624500665779
["our", "should"]	0.3772819472616633
["must", "such"]	0.37627811860940696
["same", "these"]	0.37557603686635943
["abnormal", "heir"]	0.375
["accessible", "inspection"]	0.375
["accessible", "payable"]	0.375
["actively", "heir"]	0.375
["adhere", "asserted"]	0.375
["adhere", "hate"]	0.375
["admire", "hate"]	0.375
["ambitious", "checked"]	0.375
["ambitious", "heir"]	0.375
["anticipated", "fewer"]	0.375
["appealed", "fulfilled"]	0.375
["arc", "checked"]	0.375
["arc", "heir"]	0.375
["arrange", "biggest"]	0.375
["ascertained", "wrought"]	0.375
["asset", "battles"]	0.375
["asset", "chapel"]	0.375
["battery", "constituent"]	0.375
["beasts", "dancing"]	0.375
["bestowed", "checked"]	0.375
["bestowed", "heir"]	0.375
["bride", "checked"]	0.375
["bride", "heir"]	0.375
["cheap", "checked"]	0.375
["cheap", "heir"]	0.375
["checked", "circular"]	0.375
["checked", "definitions"]	0.375
["checked", "dominated"]	0.375
["checked", "instinct"]	0.375
["checked", "missing"]	0.375
["circular", "constituent"]	0.375
["circular", "heir"]	0.375
["definitions", "heir"]	0.375
["dominated", "heir"]	0.375
["great", "our"]	0.375
["heir", "instinct"]	0.375
["heir", "missing"]	0.375
["inspection", "paint"]	0.375
["must", "that"]	0.374496644295302
["about", "do"]	0.37410071942446044
["our", "those"]	0.3739669421487603
["is", "must"]	0.373806275579809
["about", "also"]	0.37362637362637363
["same", "should"]	0.37333333333333335
["be", "same"]	0.3732193732193732
["many", "most"]	0.3728813559322034
["about", "two"]	0.37254901960784315
["could", "is"]	0.3724696356275304
["such", "two"]	0.3724696356275304
["also", "is"]	0.37193460490463215
["me", "people"]	0.3716577540106952
["could", "such"]	0.3714859437751004
["man", "my"]	0.3710843373493976
["my", "these"]	0.3695198329853862
["could", "those"]	0.36899563318777295
["also", "that"]	0.3689839572192513
["me", "our"]	0.3688888888888889
["also", "should"]	0.368763557483731
["about", "made"]	0.3684210526315789
["is", "two"]	0.3675675675675676
["people", "those"]	0.36739659367396593
["could", "our"]	0.3673036093418259
["between", "upon"]	0.3669064748201439
["same", "that"]	0.3662162162162162
["do", "must"]	0.3657289002557545
["about", "most"]	0.3649789029535865
["make", "should"]	0.36384976525821594
["accessible", "assuming"]	0.36363636363636365
["accessible", "imperative"]	0.36363636363636365
["actively", "antiquity"]	0.36363636363636365
["actively", "deserve"]	0.36363636363636365
["actively", "favorite"]	0.36363636363636365
["adjusted", "paint"]	0.36363636363636365
["admired", "adventures"]	0.36363636363636365
["admired", "ambitious"]	0.36363636363636365
["admired", "definitions"]	0.36363636363636365
["admired", "didn"]	0.36363636363636365
["admired", "dominated"]	0.36363636363636365
["admired", "missing"]	0.36363636363636365
["affections", "asset"]	0.36363636363636365
["ambitious", "deserve"]	0.36363636363636365
["antiquity", "definitions"]	0.36363636363636365
["antiquity", "instinct"]	0.36363636363636365
["appealed", "aroused"]	0.36363636363636365
["ashes", "assuming"]	0.36363636363636365
["asks", "complain"]	0.36363636363636365
["assent", "deserve"]	0.36363636363636365
["assent", "disturb"]	0.36363636363636365
["asserted", "barrier"]	0.36363636363636365
["asserted", "expert"]	0.36363636363636365
["asserted", "mad"]	0.36363636363636365
["assuming", "debts"]	0.36363636363636365
["assuming", "paint"]	0.36363636363636365
["attach", "carries"]	0.36363636363636365
["bands", "complain"]	0.36363636363636365
["barrier", "hate"]	0.36363636363636365
["beaten", "dancing"]	0.36363636363636365
["beaten", "paint"]	0.36363636363636365
["bestowed", "compel"]	0.36363636363636365
["bestowed", "crystal"]	0.36363636363636365
["bestowed", "forgive"]	0.36363636363636365
["biggest", "forgive"]	0.36363636363636365
["bride", "forbidden"]	0.36363636363636365
["causal", "circular"]	0.36363636363636365
["checked", "comply"]	0.36363636363636365
["clue", "debts"]	0.36363636363636365
["clue", "hate"]	0.36363636363636365
["cried", "paint"]	0.36363636363636365
["dancing", "expedient"]	0.36363636363636365
["debts", "expert"]	0.36363636363636365
["definitions", "descriptions"]	0.36363636363636365
["definitions", "forbidden"]	0.36363636363636365
["deserve", "dominated"]	0.36363636363636365
["deserve", "instinct"]	0.36363636363636365
["favorite", "instinct"]	0.36363636363636365
["hate", "imperative"]	0.36363636363636365
["hate", "mad"]	0.36363636363636365
["paint", "patent"]	0.36363636363636365
["most", "should"]	0.36325678496868474
["that", "two"]	0.3629139072847682
["our", "two"]	0.3624733475479744
["new", "such"]	0.3620689655172414
["is", "same"]	0.36164383561643837
["my", "those"]	0.3613963039014374
["many", "these"]	0.361244019138756
["our", "upon"]	0.3609865470852018
["much", "my"]	0.36017897091722595
["man", "she"]	0.3601108033240997
["most", "those"]	0.3595744680851064
["believed", "expect"]	0.359375
["also", "those"]	0.3590308370044053
["own", "such"]	0.358695652173913
["be", "me"]	0.358356940509915
["many", "two"]	0.35802469135802467
["about", "own"]	0.35764705882352943
["abilities", "beast"]	0.35714285714285715
["adjust", "bestowed"]	0.35714285714285715
["advisable", "antiquity"]	0.35714285714285715
["alteration", "favorite"]	0.35714285714285715
["beaten", "civilized"]	0.35714285714285715
["bestowed", "wrought"]	0.35714285714285715
["compel", "comply"]	0.35714285714285715
["engagement", "expedient"]	0.35714285714285715
["expert", "indispensable"]	0.35714285714285715
["make", "my"]	0.35664335664335667
["my", "such"]	0.35660377358490564
["people", "she"]	0.35597826086956524
["also", "these"]	0.35555555555555557
["is", "me"]	0.3547945205479452
["about", "could"]	0.35394456289978676
["man", "me"]	0.353887399463807
["do", "people"]	0.3531073446327684
["clue", "consult"]	0.35294117647058826
["communicated", "instinct"]	0.35294117647058826
["consult", "expedient"]	0.35294117647058826
["expert", "keen"]	0.35294117647058826
["between", "two"]	0.35280898876404493
["our", "part"]	0.352803738317757
["our", "people"]	0.352803738317757
["people", "such"]	0.3522975929978118
["between", "our"]	0.3522012578616352
["me", "that"]	0.3521505376344086
["be", "upon"]	0.35135135135135137
["much", "very"]	0.351288056206089
["about", "she"]	0.35079726651480636
["also", "very"]	0.350561797752809
["many", "should"]	0.3501144164759725
["be", "much"]	0.34985835694050993
["about", "make"]	0.34976525821596244
["our", "way"]	0.34976525821596244
["she", "us"]	0.34972677595628415
["two", "very"]	0.34966592427616927
["me", "very"]	0.34953703703703703
["should", "way"]	0.3490566037735849
["first", "same"]	0.3484848484848485
["our", "us"]	0.3474178403755869
["do", "me"]	0.3472584856396867
["people", "these"]	0.3470873786407767
["could", "do"]	0.3465346534653465
["most", "well"]	0.3463414634146341
["much", "that"]	0.34589502018842533
["could", "very"]	0.3458149779735683
["very", "well"]	0.345679012345679
["same", "way"]	0.34554973821989526
["most", "must"]	0.34513274336283184
["also", "do"]	0.345088161209068
["must", "my"]	0.3446808510638298
["about", "much"]	0.34451901565995524
["first", "very"]	0.3444976076555024
["my", "upon"]	0.34444444444444444
["about", "over"]	0.3439635535307517
["great", "such"]	0.34394904458598724
["believed", "gone"]	0.34375
["much", "our"]	0.3436123348017621
["must", "our"]	0.3432203389830508
["do", "same"]	0.3427835051546392
["could", "much"]	0.3427230046948357
["about", "many"]	0.3425287356321839
["could", "these"]	0.341991341991342
["many", "such"]	0.34182590233545646
["be", "made"]	0.3418079096045198
["between", "must"]	0.3415730337078652
["between", "these"]	0.3412526997840173
["great", "over"]	0.34120734908136485
["is", "much"]	0.34106412005457026
["also", "must"]	0.34096109839816935
["our", "own"]	0.34096109839816935
["much", "such"]	0.3409090909090909
["me", "those"]	0.3400447427293065
["much", "should"]	0.33995584988962474
["my", "same"]	0.3398268398268398
["first", "two"]	0.33980582524271846
["new", "those"]	0.3395348837209302
["do", "my"]	0.3394919168591224
["between", "same"]	0.3394495412844037
["also", "new"]	0.33906633906633904
["do", "very"]	0.33902439024390246
["between", "those"]	0.3390191897654584
["also", "same"]	0.338785046728972
["must", "same"]	0.338785046728972
["very", "way"]	0.33827160493827163
["about", "way"]	0.3380614657210402
["also", "part"]	0.33753148614609574
["our", "over"]	0.33705357142857145
["do", "make"]	0.3370165745856354
["new", "same"]	0.33668341708542715
["make", "these"]	0.33651551312649164
["many", "those"]	0.33642691415313225
["me", "way"]	0.3359580052493438
["much", "same"]	0.3357664233576642
["must", "those"]	0.3354978354978355
["much", "us"]	0.3351063829787234
["much", "she"]	0.3350125944584383
["between", "part"]	0.33497536945812806
["do", "these"]	0.3349282296650718
["made", "such"]	0.3347107438016529
["first", "our"]	0.33408071748878926
["between", "most"]	0.33405172413793105
["abdication", "abnormally"]	0.3333333333333333
["abdication", "activate"]	0.3333333333333333
["abdication", "blown"]	0.3333333333333333
["abdication", "cargo"]	0.3333333333333333
["abdication", "chancellor"]	0.3333333333333333
["abdication", "contraction"]	0.3333333333333333
["abdication", "mount"]	0.3333333333333333
["abdominal", "cargo"]	0.3333333333333333
["abdominal", "chloride"]	0.3333333333333333
["abduction", "abomination"]	0.3333333333333333
["abduction", "advocate"]	0.3333333333333333
["abduction", "amplitude"]	0.3333333333333333
["abhorred", "august"]	0.3333333333333333
["abnormal", "adhere"]	0.3333333333333333
["abnormal", "barrier"]	0.3333333333333333
["abnormal", "clue"]	0.3333333333333333
["abnormal", "mad"]	0.3333333333333333
["abnormally", "accentuated"]	0.3333333333333333
["abolishing", "cruelty"]	0.3333333333333333
["abolishing", "hemisphere"]	0.3333333333333333
["abolishing", "mechanics"]	0.3333333333333333
["abolition", "blown"]	0.3333333333333333
["abolition", "mount"]	0.3333333333333333
["abomination", "advocate"]	0.3333333333333333
["abomination", "amplitude"]	0.3333333333333333
["abomination", "lawful"]	0.3333333333333333
["accentuated", "activate"]	0.3333333333333333
["accentuated", "blown"]	0.3333333333333333
["accentuated", "cargo"]	0.3333333333333333
["accentuated", "chancellor"]	0.3333333333333333
["accentuated", "contraction"]	0.3333333333333333
["accentuated", "mount"]	0.3333333333333333
["accepting", "choosing"]	0.3333333333333333
["accessible", "ashes"]	0.3333333333333333
["accessible", "asserted"]	0.3333333333333333
["accessible", "asset"]	0.3333333333333333
["accessible", "confession"]	0.3333333333333333
["accessible", "corrected"]	0.3333333333333333
["accessible", "dancing"]	0.3333333333333333
["accessible", "hate"]	0.3333333333333333
["accordingly", "bride"]	0.3333333333333333
["accordingly", "definitions"]	0.3333333333333333
["aching", "advantageously"]	0.3333333333333333
["aching", "apostles"]	0.3333333333333333
["aching", "awarded"]	0.3333333333333333
["aching", "cargo"]	0.3333333333333333
["aching", "chloride"]	0.3333333333333333
["actively", "adhere"]	0.3333333333333333
["actively", "causing"]	0.3333333333333333
["actively", "clue"]	0.3333333333333333
["actively", "expedient"]	0.3333333333333333
["actively", "mad"]	0.3333333333333333
["adaptation", "definitions"]	0.3333333333333333
["adhere", "advantageously"]	0.3333333333333333
["adhere", "apostles"]	0.3333333333333333
["adjusted", "bestowed"]	0.3333333333333333
["admired", "checked"]	0.3333333333333333
["admired", "deserve"]	0.3333333333333333
["admired", "favorite"]	0.3333333333333333
["admired", "heir"]	0.3333333333333333
["admired", "stake"]	0.3333333333333333
["admittance", "advantageously"]	0.3333333333333333
["admittance", "apostles"]	0.3333333333333333
["admittance", "awarded"]	0.3333333333333333
["admittance", "cargo"]	0.3333333333333333
["admittance", "chloride"]	0.3333333333333333
["admonished", "advantageously"]	0.3333333333333333
["admonished", "apostles"]	0.3333333333333333
["admonished", "awarded"]	0.3333333333333333
["admonished", "cargo"]	0.3333333333333333
["admonished", "chloride"]	0.3333333333333333
["advantageously", "arriving"]	0.3333333333333333
["advantageously", "beasts"]	0.3333333333333333
["advocate", "amplitude"]	0.3333333333333333
["advocate", "hemisphere"]	0.3333333333333333
["affectionately", "antiquity"]	0.3333333333333333
["affectionately", "arrange"]	0.3333333333333333
["affectionately", "behold"]	0.3333333333333333
["affections", "bestowed"]	0.3333333333333333
["affections", "definitions"]	0.3333333333333333
["affections", "missing"]	0.3333333333333333
["agreements", "barrier"]	0.3333333333333333
["agreements", "choosing"]	0.3333333333333333
["also", "most"]	0.3333333333333333
["alternatives", "appealed"]	0.3333333333333333
["alternatives", "asserted"]	0.3333333333333333
["alternatives", "debts"]	0.3333333333333333
["alternatives", "hate"]	0.3333333333333333
["ambitious", "arriving"]	0.3333333333333333
["ambitious", "beaten"]	0.3333333333333333
["ambitious", "expert"]	0.3333333333333333
["analogy", "beds"]	0.3333333333333333
["analyzed", "approximate"]	0.3333333333333333
["analyzed", "inspection"]	0.3333333333333333
["angels", "differs"]	0.3333333333333333
["antiquity", "behold"]	0.3333333333333333
["antiquity", "checked"]	0.3333333333333333
["antiquity", "deserve"]	0.3333333333333333
["antiquity", "favorite"]	0.3333333333333333
["antiquity", "heir"]	0.3333333333333333
["antiquity", "hereafter"]	0.3333333333333333
["antiquity", "wrought"]	0.3333333333333333
["apostles", "arriving"]	0.3333333333333333
["apostles", "beasts"]	0.3333333333333333
["appealed", "asset"]	0.3333333333333333
["appealed", "hemisphere"]	0.3333333333333333
["arc", "inspection"]	0.3333333333333333
["arc", "payable"]	0.3333333333333333
["arc", "pregnancy"]	0.3333333333333333
["aroused", "bestowed"]	0.3333333333333333
["arrange", "forgive"]	0.3333333333333333
["arteries", "checked"]	0.3333333333333333
["ascertained", "hate"]	0.3333333333333333
["ascertained", "paint"]	0.3333333333333333
["ashes", "asserted"]	0.3333333333333333
["ashes", "asset"]	0.3333333333333333
["ashes", "dancing"]	0.3333333333333333
["ashes", "debts"]	0.3333333333333333
["ashes", "earned"]	0.3333333333333333
["ashes", "hate"]	0.3333333333333333
["ashes", "indispensable"]	0.3333333333333333
["ashes", "paint"]	0.3333333333333333
["asks", "didn"]	0.3333333333333333
["assent", "barrier"]	0.3333333333333333
["asserted", "assessed"]	0.3333333333333333
["asserted", "asset"]	0.3333333333333333
["asserted", "consult"]	0.3333333333333333
["asserted", "dancing"]	0.3333333333333333
["asserted", "eligible"]	0.3333333333333333
["asserted", "indispensable"]	0.3333333333333333
["asserted", "paint"]	0.3333333333333333
["assessed", "debts"]	0.3333333333333333
["assessed", "eligible"]	0.3333333333333333
["asset", "corrected"]	0.3333333333333333
["asset", "dancing"]	0.3333333333333333
["asset", "debts"]	0.3333333333333333
["asset", "hate"]	0.3333333333333333
["asset", "paint"]	0.3333333333333333
["assuming", "didn"]	0.3333333333333333
["assuming", "missing"]	0.3333333333333333
["astonishment", "beheld"]	0.3333333333333333
["attach", "hemisphere"]	0.3333333333333333
["awarded", "bands"]	0.3333333333333333
["awarded", "battles"]	0.3333333333333333
["awarded", "provincial"]	0.3333333333333333
["awe", "evolved"]	0.3333333333333333
["bands", "didn"]	0.3333333333333333
["barrier", "circular"]	0.3333333333333333
["barrier", "comply"]	0.3333333333333333
["barrier", "mount"]	0.3333333333333333
["beast", "beaten"]	0.3333333333333333
["beast", "cheek"]	0.3333333333333333
["beasts", "multiplied"]	0.3333333333333333
["beaten", "connections"]	0.3333333333333333
["beaten", "subjective"]	0.3333333333333333
["beating", "complain"]	0.3333333333333333
["beds", "spaces"]	0.3333333333333333
["begged", "endure"]	0.3333333333333333
["begged", "hurried"]	0.3333333333333333
["bend", "imperative"]	0.3333333333333333
["bend", "inspection"]	0.3333333333333333
["bend", "junction"]	0.3333333333333333
["bestowed", "expedient"]	0.3333333333333333
["bestowed", "inspection"]	0.3333333333333333
["bestowed", "mad"]	0.3333333333333333
["blown", "chapel"]	0.3333333333333333
["blown", "ghost"]	0.3333333333333333
["bosom", "cousin"]	0.3333333333333333
["bride", "clue"]	0.3333333333333333
["bride", "eliminate"]	0.3333333333333333
["bride", "expert"]	0.3333333333333333
["bundle", "shores"]	0.3333333333333333
["cargo", "inspection"]	0.3333333333333333
["cargo", "payable"]	0.3333333333333333
["carries", "dominated"]	0.3333333333333333
["causal", "checked"]	0.3333333333333333
["causal", "constituent"]	0.3333333333333333
["causal", "heir"]	0.3333333333333333
["chapel", "mount"]	0.3333333333333333
["cheap", "expedient"]	0.3333333333333333
["checked", "constituent"]	0.3333333333333333
["checked", "crystal"]	0.3333333333333333
["checked", "custody"]	0.3333333333333333
["checked", "damages"]	0.3333333333333333
["checked", "deserve"]	0.3333333333333333
["checked", "disappear"]	0.3333333333333333
["checked", "displacement"]	0.3333333333333333
["checked", "facility"]	0.3333333333333333
["checked", "favorite"]	0.3333333333333333
["checked", "forbidden"]	0.3333333333333333
["checked", "university"]	0.3333333333333333
["cheek", "disappointment"]	0.3333333333333333
["circular", "ghost"]	0.3333333333333333
["circular", "payable"]	0.3333333333333333
["clue", "comply"]	0.3333333333333333
["clue", "definitions"]	0.3333333333333333
["clue", "dominated"]	0.3333333333333333
["clue", "instinct"]	0.3333333333333333
["clue", "missing"]	0.3333333333333333
["compel", "deserve"]	0.3333333333333333
["complain", "paint"]	0.3333333333333333
["comply", "mad"]	0.3333333333333333
["confession", "dancing"]	0.3333333333333333
["constituent", "heir"]	0.3333333333333333
["conventional", "hate"]	0.3333333333333333
["covers", "missing"]	0.3333333333333333
["cruelty", "hemisphere"]	0.3333333333333333
["cruelty", "mechanics"]	0.3333333333333333
["crystal", "disappear"]	0.3333333333333333
["crystal", "heir"]	0.3333333333333333
["crystal", "wrought"]	0.3333333333333333
["currently", "definitions"]	0.3333333333333333
["currently", "missing"]	0.3333333333333333
["custody", "heir"]	0.3333333333333333
["dancing", "debts"]	0.3333333333333333
["dancing", "engagement"]	0.3333333333333333
["dancing", "hate"]	0.3333333333333333
["dancing", "paint"]	0.3333333333333333
["debts", "eligible"]	0.3333333333333333
["debts", "hate"]	0.3333333333333333
["debts", "indispensable"]	0.3333333333333333
["definitions", "expedient"]	0.3333333333333333
["deposit", "inspection"]	0.3333333333333333
["deposit", "payable"]	0.3333333333333333
["deserve", "favorite"]	0.3333333333333333
["deserve", "heir"]	0.3333333333333333
["deserve", "stake"]	0.3333333333333333
["disappear", "heir"]	0.3333333333333333
["dismissed", "preface"]	0.3333333333333333
["dominated", "mad"]	0.3333333333333333
["drunk", "inspection"]	0.3333333333333333
["drunk", "payable"]	0.3333333333333333
["earned", "indispensable"]	0.3333333333333333
["eligible", "indispensable"]	0.3333333333333333
["endure", "fool"]	0.3333333333333333
["expedient", "fool"]	0.3333333333333333
["expedient", "instinct"]	0.3333333333333333
["expedient", "missing"]	0.3333333333333333
["favorite", "heir"]	0.3333333333333333
["favorite", "stake"]	0.3333333333333333
["fool", "mad"]	0.3333333333333333
["forbidden", "heir"]	0.3333333333333333
["ghost", "mount"]	0.3333333333333333
["hate", "paint"]	0.3333333333333333
["hate", "substantially"]	0.3333333333333333
["hemisphere", "mechanics"]	0.3333333333333333
["indispensable", "keen"]	0.3333333333333333
["instinct", "pregnancy"]	0.3333333333333333
["made", "should"]	0.3333333333333333
["many", "very"]	0.3333333333333333
["missing", "pregnancy"]	0.3333333333333333
["same", "very"]	0.3333333333333333
["should", "two"]	0.3333333333333333
["those", "very"]	0.3333333333333333
["that", "upon"]	0.33288770053475936
["be", "she"]	0.3328631875881523
["most", "two"]	0.33260869565217394
["many", "our"]	0.3325842696629214
["she", "those"]	0.3325740318906606
["my", "people"]	0.3325635103926097
["could", "people"]	0.33251231527093594
["could", "way"]	0.3325062034739454
["own", "same"]	0.33248730964467005
["between", "should"]	0.33195020746887965
["about", "upon"]	0.33184855233853006
["about", "part"]	0.3317757009345794
["could", "make"]	0.33170731707317075
["part", "same"]	0.33161953727506427
["same", "work"]	0.33157894736842103
["is", "made"]	0.33152173913043476
["many", "people"]	0.33152173913043476
["should", "well"]	0.33101851851851855
["make", "very"]	0.3309178743961353
["also", "people"]	0.3308270676691729
["people", "well"]	0.33053221288515405
["also", "my"]	0.33052631578947367
["people", "us"]	0.3305084745762712
["should", "upon"]	0.3303964757709251
["she", "that"]	0.3297587131367292
["first", "my"]	0.3295964125560538
["new", "our"]	0.3295964125560538
["she", "very"]	0.3294392523364486
["my", "work"]	0.32941176470588235
["neither", "nor"]	0.32941176470588235
["most", "people"]	0.3293269230769231
["tried", "try"]	0.32926829268292684
["fear", "happy"]	0.32894736842105265
["our", "she"]	0.32891832229580575
["new", "should"]	0.32882882882882886
["do", "our"]	0.3287671232876712
["much", "must"]	0.32860520094562645
["lived", "treated"]	0.328125
["most", "same"]	0.328125
["could", "same"]	0.32801822323462415
["own", "should"]	0.32801822323462415
["should", "us"]	0.32790697674418606
["made", "that"]	0.32756324900133155
["about", "new"]	0.32727272727272727
["do", "made"]	0.32722513089005234
["my", "us"]	0.3271461716937355
["be", "do"]	0.32711621233859395
["my", "two"]	0.32708333333333334
["much", "work"]	0.32707774798927614
["do", "way"]	0.3268156424581006
["made", "my"]	0.3267543859649123
["made", "upon"]	0.3266832917705736
["about", "great"]	0.32653061224489793
["such", "upon"]	0.3264887063655031
["me", "two"]	0.3263888888888889
["first", "most"]	0.32634032634032634
["about", "us"]	0.32629107981220656
["do", "those"]	0.32629107981220656
["happy", "stand"]	0.32608695652173914
["me", "most"]	0.3258426966292135
["man", "people"]	0.32577903682719545
["made", "very"]	0.325635103926097
["make", "such"]	0.32553191489361705
["also", "much"]	0.32547169811320753
["also", "us"]	0.3249370277078086
["great", "much"]	0.3248730964467005
["our", "work"]	0.3247663551401869
["do", "much"]	0.3246753246753247
["interesting", "perhaps"]	0.3246753246753247
["me", "same"]	0.324582338902148
["first", "should"]	0.3243847874720358
["me", "these"]	0.3243847874720358
["happy", "interesting"]	0.32432432432432434
["must", "part"]	0.32418952618453867
["also", "way"]	0.3241206030150754
["must", "work"]	0.3239795918367347
["could", "own"]	0.32367149758454106
["me", "such"]	0.32323232323232326
["gone", "moved"]	0.3230769230769231
["between", "great"]	0.32304038004750596
["new", "that"]	0.32301480484522205
["own", "very"]	0.3229665071770335
["do", "work"]	0.32294617563739375
["be", "people"]	0.32281205164992827
["about", "first"]	0.3227990970654628
["me", "upon"]	0.32273838630806845
["first", "me"]	0.3225
["do", "that"]	0.3224489795918367
["also", "two"]	0.3221476510067114
["part", "very"]	0.3220338983050847
["me", "work"]	0.32189973614775724
["man", "very"]	0.32186732186732187
["must", "own"]	0.32186732186732187
["must", "well"]	0.32169576059850374
["is", "many"]	0.32147742818057456
["part", "should"]	0.3211009174311927
["also", "our"]	0.32083333333333336
["first", "such"]	0.32083333333333336
["great", "that"]	0.3208053691275168
["great", "well"]	0.32075471698113206
["do", "well"]	0.32044198895027626
["first", "that"]	0.3203753351206434
["my", "way"]	0.32027649769585254
["about", "well"]	0.32018561484918795
["be", "many"]	0.32016925246826516
["be", "new"]	0.32016925246826516
["many", "same"]	0.3200992555831266
["two", "way"]	0.3200992555831266
["happy", "remember"]	0.32
["she", "way"]	0.32
["many", "must"]	0.3196125907990315
["be", "own"]	0.3196022727272727
["me", "well"]	0.31958762886597936
["job", "task"]	0.3194444444444444
["could", "man"]	0.3193069306930693
["part", "those"]	0.3192488262910798
["must", "two"]	0.31919642857142855
["about", "work"]	0.3191489361702128
["is", "upon"]	0.3189771197846568
["is", "over"]	0.31886024423337855
["believed", "happy"]	0.3188405797101449
["people", "very"]	0.3188405797101449
["make", "us"]	0.3185595567867036
["very", "work"]	0.31851851851851853
["part", "way"]	0.31843575418994413
["made", "must"]	0.31839622641509435
["entertain", "fewer"]	0.3181818181818182
["people", "work"]	0.3181818181818182
["also", "first"]	0.3180722891566265
["make", "me"]	0.31806615776081426
["is", "new"]	0.3178717598908595
["two", "upon"]	0.3177570093457944
["many", "that"]	0.31769436997319034
["happy", "learn"]	0.3176470588235294
["do", "she"]	0.31758530183727035
["is", "she"]	0.31756756756756754
["believed", "tried"]	0.31746031746031744
["be", "first"]	0.31741573033707865
["me", "much"]	0.3171912832929782
["be", "part"]	0.3171428571428571
["could", "upon"]	0.31712962962962965
["own", "those"]	0.31712962962962965
["be", "way"]	0.3170731707317073
["do", "own"]	0.3170731707317073
["happy", "perhaps"]	0.3170731707317073
["six", "thousand"]	0.3170731707317073
["own", "upon"]	0.3170103092783505
["own", "well"]	0.31693989071038253
["those", "well"]	0.31690140845070425
["be", "make"]	0.31676136363636365
["most", "part"]	0.31666666666666665
["great", "part"]	0.3163538873994638
["us", "very"]	0.31630170316301703
["own", "these"]	0.3161592505854801
["between", "very"]	0.3161290322580645
["make", "most"]	0.3160377358490566
["these", "upon"]	0.3160270880361174
["be", "great"]	0.3160112359550562
["make", "she"]	0.31592689295039167
["must", "she"]	0.3159144893111639
["most", "my"]	0.3158953722334004
["consult", "fool"]	0.3157894736842105
["expect", "happy"]	0.3157894736842105
["great", "is"]	0.31564625850340133
["between", "people"]	0.3155339805825243
["most", "much"]	0.3153153153153153
["must", "upon"]	0.31529411764705884
["people", "should"]	0.3150684931506849
["between", "make"]	0.31490384615384615
["man", "should"]	0.3148148148148148
["new", "own"]	0.3148148148148148
["people", "way"]	0.3147632311977716
["do", "many"]	0.31466666666666665
["many", "well"]	0.31451612903225806
["must", "people"]	0.31435643564356436
["great", "those"]	0.3143507972665148
["feet", "miles"]	0.3142857142857143
["way", "work"]	0.3142857142857143
["make", "people"]	0.31420765027322406
["feeling", "happy"]	0.313953488372093
["made", "our"]	0.31385281385281383
["could", "us"]	0.3137254901960784
["make", "must"]	0.3137254901960784
["those", "us"]	0.3136792452830189
["our", "well"]	0.31363636363636366
["do", "is"]	0.31361760660247595
["do", "upon"]	0.3134715025906736
["over", "that"]	0.31341301460823373
["between", "made"]	0.31336405529953915
["getting", "try"]	0.3132530120481928
["between", "over"]	0.3130841121495327
["do", "us"]	0.31301939058171746
["man", "those"]	0.3127962085308057
["first", "us"]	0.31266846361185985
["man", "our"]	0.31264367816091954
["actively", "consult"]	0.3125
["adjacent", "affections"]	0.3125
["adjacent", "barrier"]	0.3125
["adjust", "beaten"]	0.3125
["adjust", "blank"]	0.3125
["affections", "corporations"]	0.3125
["also", "great"]	0.3125
["alternatives", "beds"]	0.3125
["antiquity", "currently"]	0.3125
["approximation", "missing"]	0.3125
["barrier", "surgery"]	0.3125
["beds", "enclosed"]	0.3125
["competitive", "covers"]	0.3125
["compounds", "definitions"]	0.3125
["expedient", "wrought"]	0.3125
["make", "those"]	0.3125
["also", "between"]	0.3120879120879121
["be", "over"]	0.31197771587743733
["much", "those"]	0.31194690265486724
["great", "most"]	0.3117782909930716
["man", "these"]	0.3117505995203837
["friend", "learned"]	0.3116883116883117
["well", "work"]	0.311614730878187
["do", "two"]	0.31143552311435524
["over", "two"]	0.3113207547169811
["is", "part"]	0.31129476584022037
["much", "own"]	0.3112244897959184
["new", "these"]	0.31105990783410137
["learned", "lived"]	0.3108108108108108
["could", "over"]	0.3107476635514019
["man", "way"]	0.3107344632768362
["part", "two"]	0.3105134474327628
["begin", "continue"]	0.3103448275862069
["over", "very"]	0.3101851851851852
["new", "part"]	0.31016042780748665
["man", "most"]	0.31009615384615385
["much", "people"]	0.31007751937984496
["make", "work"]	0.3100558659217877
["about", "man"]	0.31002331002331
["first", "is"]	0.30987821380243574
["over", "these"]	0.3097949886104784
["these", "well"]	0.30969267139479906
["me", "over"]	0.3095823095823096
["faith", "feeling"]	0.30952380952380953
["must", "us"]	0.30845771144278605
["great", "new"]	0.3082901554404145
["be", "well"]	0.30823863636363635
["between", "many"]	0.30823529411764705
["those", "upon"]	0.3082039911308204
["much", "these"]	0.3080357142857143
["absurd", "indispensable"]	0.3076923076923077
["accessible", "alteration"]	0.3076923076923077
["accessible", "fragments"]	0.3076923076923077
["accordingly", "admired"]	0.3076923076923077
["achievements", "antiquity"]	0.3076923076923077
["actively", "confession"]	0.3076923076923077
["admired", "beaten"]	0.3076923076923077
["admired", "carries"]	0.3076923076923077
["admired", "expedient"]	0.3076923076923077
["affections", "compel"]	0.3076923076923077
["affections", "facility"]	0.3076923076923077
["affections", "forbidden"]	0.3076923076923077
["alteration", "ashes"]	0.3076923076923077
["alteration", "communications"]	0.3076923076923077
["alternatives", "bride"]	0.3076923076923077
["alternatives", "dominated"]	0.3076923076923077
["alternatives", "instinct"]	0.3076923076923077
["ambitious", "ascertained"]	0.3076923076923077
["anticipated", "hate"]	0.3076923076923077
["antiquity", "barrier"]	0.3076923076923077
["antiquity", "beaten"]	0.3076923076923077
["antiquity", "clue"]	0.3076923076923077
["antiquity", "pleasing"]	0.3076923076923077
